<?xml version="1.0" encoding="UTF-8"?>
<!-- Generated by org.testng.reporters.JUnitXMLReporter -->
<testsuite ignored="0" hostname="LAPTOP-ARMKJREI" failures="0" tests="1" name="Default test" time="0.068" errors="0" timestamp="2023-02-13T16:16:59 IST">
  <testcase classname="AmazonTestNg.ApplicationLaunch" name="@BeforeTest LaunchBrowser" time="-1.67628521943E9">
    <failure type="org.testng.TestNGException" message="
Parameter &amp;apos;browser&amp;apos; is required by BeforeTest on method LaunchBrowser but has not been marked @Optional or defined
in C:\Users\Vivek\AppData\Local\Temp\testng-eclipse-1809240292\testng-customsuite.xml">
      <![CDATA[org.testng.TestNGException: 
Parameter 'browser' is required by BeforeTest on method LaunchBrowser but has not been marked @Optional or defined
in C:\Users\Vivek\AppData\Local\Temp\testng-eclipse-1809240292\testng-customsuite.xml
at org.testng.internal.Parameters.createParams(Parameters.java:270)
at org.testng.internal.Parameters.createParametersForMethod(Parameters.java:358)
at org.testng.internal.Parameters.createParameters(Parameters.java:700)
at org.testng.internal.Parameters.createConfigurationParameters(Parameters.java:168)
at org.testng.internal.ConfigInvoker.invokeConfigurations(ConfigInvoker.java:302)
at org.testng.TestRunner.invokeTestConfigurations(TestRunner.java:637)
at org.testng.TestRunner.beforeRun(TestRunner.java:627)
at org.testng.TestRunner.run(TestRunner.java:589)
at org.testng.SuiteRunner.runTest(SuiteRunner.java:377)
at org.testng.SuiteRunner.runSequentially(SuiteRunner.java:371)
at org.testng.SuiteRunner.privateRun(SuiteRunner.java:332)
at org.testng.SuiteRunner.run(SuiteRunner.java:276)
at org.testng.SuiteRunnerWorker.runSuite(SuiteRunnerWorker.java:53)
at org.testng.SuiteRunnerWorker.run(SuiteRunnerWorker.java:96)
at org.testng.TestNG.runSuitesSequentially(TestNG.java:1212)
at org.testng.TestNG.runSuitesLocally(TestNG.java:1134)
at org.testng.TestNG.runSuites(TestNG.java:1063)
at org.testng.TestNG.run(TestNG.java:1031)
at org.testng.remote.AbstractRemoteTestNG.run(AbstractRemoteTestNG.java:115)
at org.testng.remote.RemoteTestNG.initAndRun(RemoteTestNG.java:251)
at org.testng.remote.RemoteTestNG.main(RemoteTestNG.java:77)
]]>
    </failure>
  </testcase> <!-- @BeforeTest LaunchBrowser -->
  <testcase classname="AmazonTestNg.ApplicationLaunch" name="@BeforeMethod LounchApplication" time="-1.676285219478E9">
    <skipped/>
  </testcase> <!-- @BeforeMethod LounchApplication -->
  <testcase classname="AmazonTestNg.ApplicationLaunch" name="@AfterMethod CloseApp" time="-1.676285219488E9">
    <skipped/>
  </testcase> <!-- @AfterMethod CloseApp -->
  <testcase classname="AmazonTestNg.ApplicationLaunch" name="@AfterClass QuitApp" time="-1.676285219491E9">
    <skipped/>
  </testcase> <!-- @AfterClass QuitApp -->
  <testcase classname="AmazonTestNg.ApplicationLaunch" name="Test1" time="0.0">
    <skipped/>
  </testcase> <!-- Test1 -->
</testsuite> <!-- Default test -->
