<?xml version="1.0" encoding="UTF-8"?>
<testng-results ignored="0" total="8" passed="0" failed="8" skipped="0">
  <reporter-output>
  </reporter-output>
  <suite started-at="2023-02-15T15:03:07 IST" name="AmazonSuite" finished-at="2023-02-15T15:04:02 IST" duration-ms="55248">
    <groups>
    </groups>
    <test started-at="2023-02-15T15:03:07 IST" name="ChromeTest" finished-at="2023-02-15T15:03:31 IST" duration-ms="23898">
      <class name="AmazonTestNg.SelectProdut1">
        <test-method is-config="true" signature="LounchBrowser(java.lang.String)[pri:0, instance:AmazonTestNg.SelectProdut1@1aa7ecca]" started-at="2023-02-15T15:03:10 IST" name="LounchBrowser" finished-at="2023-02-15T15:03:11 IST" duration-ms="883" status="PASS">
          <params>
            <param index="0">
              <value>
                <![CDATA[Chrome]]>
              </value>
            </param>
          </params>
          <reporter-output>
          </reporter-output>
        </test-method> <!-- LounchBrowser -->
        <test-method is-config="true" signature="AppLounch()[pri:0, instance:AmazonTestNg.SelectProdut1@1aa7ecca]" started-at="2023-02-15T15:03:11 IST" name="AppLounch" finished-at="2023-02-15T15:03:18 IST" duration-ms="6669" status="PASS">
          <reporter-output>
          </reporter-output>
        </test-method> <!-- AppLounch -->
        <test-method signature="Test_2()[pri:0, instance:AmazonTestNg.SelectProdut1@1aa7ecca]" started-at="2023-02-15T15:03:18 IST" name="Test_2" finished-at="2023-02-15T15:03:18 IST" duration-ms="5" status="FAIL">
          <exception class="java.lang.NoSuchMethodError">
            <message>
              <![CDATA['void org.openqa.selenium.support.PageFactory.initElements(org.openqa.selenium.WebDriver, java.lang.Object)']]>
            </message>
            <full-stacktrace>
              <![CDATA[java.lang.NoSuchMethodError: 'void org.openqa.selenium.support.PageFactory.initElements(org.openqa.selenium.WebDriver, java.lang.Object)'
at amazonPOM.SelectProduct.<init>(SelectProduct.java:18)
at AmazonTestNg.SelectProdut1.Test_2(SelectProdut1.java:62)
at java.base/jdk.internal.reflect.DirectMethodHandleAccessor.invoke(DirectMethodHandleAccessor.java:104)
at java.base/java.lang.reflect.Method.invoke(Method.java:578)
at org.testng.internal.MethodInvocationHelper.invokeMethod(MethodInvocationHelper.java:133)
at org.testng.internal.TestInvoker.invokeMethod(TestInvoker.java:598)
at org.testng.internal.TestInvoker.invokeTestMethod(TestInvoker.java:173)
at org.testng.internal.MethodRunner.runInSequence(MethodRunner.java:46)
at org.testng.internal.TestInvoker$MethodInvocationAgent.invoke(TestInvoker.java:824)
at org.testng.internal.TestInvoker.invokeTestMethods(TestInvoker.java:146)
at org.testng.internal.TestMethodWorker.invokeTestMethods(TestMethodWorker.java:146)
at org.testng.internal.TestMethodWorker.run(TestMethodWorker.java:128)
at java.base/java.util.concurrent.ThreadPoolExecutor.runWorker(ThreadPoolExecutor.java:1144)
at java.base/java.util.concurrent.ThreadPoolExecutor$Worker.run(ThreadPoolExecutor.java:642)
at java.base/java.lang.Thread.run(Thread.java:1589)
]]>
            </full-stacktrace>
          </exception> <!-- java.lang.NoSuchMethodError -->
          <reporter-output>
          </reporter-output>
        </test-method> <!-- Test_2 -->
        <test-method is-config="true" signature="CloseApp()[pri:0, instance:AmazonTestNg.SelectProdut1@1aa7ecca]" started-at="2023-02-15T15:03:18 IST" name="CloseApp" finished-at="2023-02-15T15:03:18 IST" duration-ms="330" status="PASS">
          <reporter-output>
          </reporter-output>
        </test-method> <!-- CloseApp -->
        <test-method is-config="true" signature="QuitApp()[pri:0, instance:AmazonTestNg.SelectProdut1@1aa7ecca]" started-at="2023-02-15T15:03:31 IST" name="QuitApp" finished-at="2023-02-15T15:03:31 IST" duration-ms="61" status="PASS">
          <reporter-output>
          </reporter-output>
        </test-method> <!-- QuitApp -->
      </class> <!-- AmazonTestNg.SelectProdut1 -->
      <class name="AmazonTestNg.CreateNewAccount">
        <test-method is-config="true" signature="LounchBrowser(java.lang.String)[pri:0, instance:AmazonTestNg.CreateNewAccount@5876a9af]" started-at="2023-02-15T15:03:10 IST" name="LounchBrowser" finished-at="2023-02-15T15:03:10 IST" duration-ms="811" status="PASS">
          <params>
            <param index="0">
              <value>
                <![CDATA[Chrome]]>
              </value>
            </param>
          </params>
          <reporter-output>
          </reporter-output>
        </test-method> <!-- LounchBrowser -->
        <test-method is-config="true" signature="AppLounch3()[pri:0, instance:AmazonTestNg.CreateNewAccount@5876a9af]" started-at="2023-02-15T15:03:11 IST" name="AppLounch3" finished-at="2023-02-15T15:03:14 IST" duration-ms="2967" status="PASS">
          <reporter-output>
          </reporter-output>
        </test-method> <!-- AppLounch3 -->
        <test-method signature="Test4()[pri:0, instance:AmazonTestNg.CreateNewAccount@5876a9af]" started-at="2023-02-15T15:03:14 IST" name="Test4" finished-at="2023-02-15T15:03:14 IST" duration-ms="33" status="FAIL">
          <exception class="java.lang.NoSuchMethodError">
            <message>
              <![CDATA['void org.openqa.selenium.support.PageFactory.initElements(org.openqa.selenium.WebDriver, java.lang.Object)']]>
            </message>
            <full-stacktrace>
              <![CDATA[java.lang.NoSuchMethodError: 'void org.openqa.selenium.support.PageFactory.initElements(org.openqa.selenium.WebDriver, java.lang.Object)'
at amazonPOM.CreatNewAcc1.<init>(CreatNewAcc1.java:17)
at AmazonTestNg.CreateNewAccount.Test4(CreateNewAccount.java:54)
at java.base/jdk.internal.reflect.DirectMethodHandleAccessor.invoke(DirectMethodHandleAccessor.java:104)
at java.base/java.lang.reflect.Method.invoke(Method.java:578)
at org.testng.internal.MethodInvocationHelper.invokeMethod(MethodInvocationHelper.java:133)
at org.testng.internal.TestInvoker.invokeMethod(TestInvoker.java:598)
at org.testng.internal.TestInvoker.invokeTestMethod(TestInvoker.java:173)
at org.testng.internal.MethodRunner.runInSequence(MethodRunner.java:46)
at org.testng.internal.TestInvoker$MethodInvocationAgent.invoke(TestInvoker.java:824)
at org.testng.internal.TestInvoker.invokeTestMethods(TestInvoker.java:146)
at org.testng.internal.TestMethodWorker.invokeTestMethods(TestMethodWorker.java:146)
at org.testng.internal.TestMethodWorker.run(TestMethodWorker.java:128)
at java.base/java.util.concurrent.ThreadPoolExecutor.runWorker(ThreadPoolExecutor.java:1144)
at java.base/java.util.concurrent.ThreadPoolExecutor$Worker.run(ThreadPoolExecutor.java:642)
at java.base/java.lang.Thread.run(Thread.java:1589)
]]>
            </full-stacktrace>
          </exception> <!-- java.lang.NoSuchMethodError -->
          <reporter-output>
          </reporter-output>
        </test-method> <!-- Test4 -->
        <test-method is-config="true" signature="CloseApp()[pri:0, instance:AmazonTestNg.CreateNewAccount@5876a9af]" started-at="2023-02-15T15:03:14 IST" name="CloseApp" finished-at="2023-02-15T15:03:15 IST" duration-ms="1109" status="PASS">
          <reporter-output>
          </reporter-output>
        </test-method> <!-- CloseApp -->
        <test-method is-config="true" signature="QuitApp()[pri:0, instance:AmazonTestNg.CreateNewAccount@5876a9af]" started-at="2023-02-15T15:03:15 IST" name="QuitApp" finished-at="2023-02-15T15:03:16 IST" duration-ms="310" status="PASS">
          <reporter-output>
          </reporter-output>
        </test-method> <!-- QuitApp -->
      </class> <!-- AmazonTestNg.CreateNewAccount -->
      <class name="AmazonTestNg.BuyProduct">
        <test-method is-config="true" signature="LounchBrowser(java.lang.String)[pri:0, instance:AmazonTestNg.BuyProduct@59309333]" started-at="2023-02-15T15:03:09 IST" name="LounchBrowser" finished-at="2023-02-15T15:03:10 IST" duration-ms="812" status="PASS">
          <params>
            <param index="0">
              <value>
                <![CDATA[Chrome]]>
              </value>
            </param>
          </params>
          <reporter-output>
          </reporter-output>
        </test-method> <!-- LounchBrowser -->
        <test-method is-config="true" signature="AppLounch()[pri:0, instance:AmazonTestNg.BuyProduct@59309333]" started-at="2023-02-15T15:03:11 IST" name="AppLounch" finished-at="2023-02-15T15:03:20 IST" duration-ms="9107" status="PASS">
          <reporter-output>
          </reporter-output>
        </test-method> <!-- AppLounch -->
        <test-method signature="Test3()[pri:0, instance:AmazonTestNg.BuyProduct@59309333]" started-at="2023-02-15T15:03:20 IST" name="Test3" finished-at="2023-02-15T15:03:30 IST" duration-ms="10023" status="FAIL">
          <exception class="java.lang.IndexOutOfBoundsException">
            <message>
              <![CDATA[Index 1 out of bounds for length 1]]>
            </message>
            <full-stacktrace>
              <![CDATA[java.lang.IndexOutOfBoundsException: Index 1 out of bounds for length 1
at java.base/jdk.internal.util.Preconditions.outOfBounds(Preconditions.java:100)
at java.base/jdk.internal.util.Preconditions.outOfBoundsCheckIndex(Preconditions.java:106)
at java.base/jdk.internal.util.Preconditions.checkIndex(Preconditions.java:302)
at java.base/java.util.Objects.checkIndex(Objects.java:385)
at java.base/java.util.ArrayList.get(ArrayList.java:427)
at AmazonTestNg.BuyProduct.Test3(BuyProduct.java:64)
at java.base/jdk.internal.reflect.DirectMethodHandleAccessor.invoke(DirectMethodHandleAccessor.java:104)
at java.base/java.lang.reflect.Method.invoke(Method.java:578)
at org.testng.internal.MethodInvocationHelper.invokeMethod(MethodInvocationHelper.java:133)
at org.testng.internal.TestInvoker.invokeMethod(TestInvoker.java:598)
at org.testng.internal.TestInvoker.invokeTestMethod(TestInvoker.java:173)
at org.testng.internal.MethodRunner.runInSequence(MethodRunner.java:46)
at org.testng.internal.TestInvoker$MethodInvocationAgent.invoke(TestInvoker.java:824)
at org.testng.internal.TestInvoker.invokeTestMethods(TestInvoker.java:146)
at org.testng.internal.TestMethodWorker.invokeTestMethods(TestMethodWorker.java:146)
at org.testng.internal.TestMethodWorker.run(TestMethodWorker.java:128)
at java.base/java.util.concurrent.ThreadPoolExecutor.runWorker(ThreadPoolExecutor.java:1144)
at java.base/java.util.concurrent.ThreadPoolExecutor$Worker.run(ThreadPoolExecutor.java:642)
at java.base/java.lang.Thread.run(Thread.java:1589)
]]>
            </full-stacktrace>
          </exception> <!-- java.lang.IndexOutOfBoundsException -->
          <reporter-output>
          </reporter-output>
        </test-method> <!-- Test3 -->
        <test-method is-config="true" signature="CloseApp()[pri:0, instance:AmazonTestNg.BuyProduct@59309333]" started-at="2023-02-15T15:03:30 IST" name="CloseApp" finished-at="2023-02-15T15:03:31 IST" duration-ms="205" status="PASS">
          <reporter-output>
          </reporter-output>
        </test-method> <!-- CloseApp -->
        <test-method is-config="true" signature="QuitApp()[pri:0, instance:AmazonTestNg.BuyProduct@59309333]" started-at="2023-02-15T15:03:31 IST" name="QuitApp" finished-at="2023-02-15T15:03:31 IST" duration-ms="200" status="PASS">
          <reporter-output>
          </reporter-output>
        </test-method> <!-- QuitApp -->
      </class> <!-- AmazonTestNg.BuyProduct -->
      <class name="AmazonTestNg.ApplicationLaunch">
        <test-method is-config="true" signature="LaunchBrowser(java.lang.String)[pri:0, instance:AmazonTestNg.ApplicationLaunch@79924b]" started-at="2023-02-15T15:03:07 IST" name="LaunchBrowser" finished-at="2023-02-15T15:03:09 IST" duration-ms="1752" status="PASS">
          <params>
            <param index="0">
              <value>
                <![CDATA[Chrome]]>
              </value>
            </param>
          </params>
          <reporter-output>
          </reporter-output>
        </test-method> <!-- LaunchBrowser -->
        <test-method is-config="true" signature="LounchApplication()[pri:0, instance:AmazonTestNg.ApplicationLaunch@79924b]" started-at="2023-02-15T15:03:11 IST" name="LounchApplication" finished-at="2023-02-15T15:03:17 IST" duration-ms="5714" status="PASS">
          <reporter-output>
          </reporter-output>
        </test-method> <!-- LounchApplication -->
        <test-method signature="Test1()[pri:0, instance:AmazonTestNg.ApplicationLaunch@79924b]" started-at="2023-02-15T15:03:17 IST" name="Test1" finished-at="2023-02-15T15:03:17 IST" duration-ms="7" status="FAIL">
          <exception class="java.lang.NoSuchMethodError">
            <message>
              <![CDATA['void org.openqa.selenium.support.PageFactory.initElements(org.openqa.selenium.WebDriver, java.lang.Object)']]>
            </message>
            <full-stacktrace>
              <![CDATA[java.lang.NoSuchMethodError: 'void org.openqa.selenium.support.PageFactory.initElements(org.openqa.selenium.WebDriver, java.lang.Object)'
at amazonPOM.SearchProdut.<init>(SearchProdut.java:17)
at AmazonTestNg.ApplicationLaunch.Test1(ApplicationLaunch.java:56)
at java.base/jdk.internal.reflect.DirectMethodHandleAccessor.invoke(DirectMethodHandleAccessor.java:104)
at java.base/java.lang.reflect.Method.invoke(Method.java:578)
at org.testng.internal.MethodInvocationHelper.invokeMethod(MethodInvocationHelper.java:133)
at org.testng.internal.TestInvoker.invokeMethod(TestInvoker.java:598)
at org.testng.internal.TestInvoker.invokeTestMethod(TestInvoker.java:173)
at org.testng.internal.MethodRunner.runInSequence(MethodRunner.java:46)
at org.testng.internal.TestInvoker$MethodInvocationAgent.invoke(TestInvoker.java:824)
at org.testng.internal.TestInvoker.invokeTestMethods(TestInvoker.java:146)
at org.testng.internal.TestMethodWorker.invokeTestMethods(TestMethodWorker.java:146)
at org.testng.internal.TestMethodWorker.run(TestMethodWorker.java:128)
at java.base/java.util.concurrent.ThreadPoolExecutor.runWorker(ThreadPoolExecutor.java:1144)
at java.base/java.util.concurrent.ThreadPoolExecutor$Worker.run(ThreadPoolExecutor.java:642)
at java.base/java.lang.Thread.run(Thread.java:1589)
]]>
            </full-stacktrace>
          </exception> <!-- java.lang.NoSuchMethodError -->
          <reporter-output>
          </reporter-output>
        </test-method> <!-- Test1 -->
        <test-method is-config="true" signature="CloseApp()[pri:0, instance:AmazonTestNg.ApplicationLaunch@79924b]" started-at="2023-02-15T15:03:17 IST" name="CloseApp" finished-at="2023-02-15T15:03:17 IST" duration-ms="502" status="PASS">
          <reporter-output>
          </reporter-output>
        </test-method> <!-- CloseApp -->
        <test-method is-config="true" signature="QuitApp()[pri:0, instance:AmazonTestNg.ApplicationLaunch@79924b]" started-at="2023-02-15T15:03:17 IST" name="QuitApp" finished-at="2023-02-15T15:03:18 IST" duration-ms="404" status="PASS">
          <reporter-output>
          </reporter-output>
        </test-method> <!-- QuitApp -->
      </class> <!-- AmazonTestNg.ApplicationLaunch -->
    </test> <!-- ChromeTest -->
    <test started-at="2023-02-15T15:03:31 IST" name="EdgeTest" finished-at="2023-02-15T15:04:02 IST" duration-ms="31244">
      <class name="AmazonTestNg.SelectProdut1">
        <test-method is-config="true" signature="LounchBrowser(java.lang.String)[pri:0, instance:AmazonTestNg.SelectProdut1@42a48628]" started-at="2023-02-15T15:03:40 IST" name="LounchBrowser" finished-at="2023-02-15T15:03:42 IST" duration-ms="2650" status="PASS">
          <params>
            <param index="0">
              <value>
                <![CDATA[Edge]]>
              </value>
            </param>
          </params>
          <reporter-output>
          </reporter-output>
        </test-method> <!-- LounchBrowser -->
        <test-method is-config="true" signature="AppLounch()[pri:0, instance:AmazonTestNg.SelectProdut1@42a48628]" started-at="2023-02-15T15:03:42 IST" name="AppLounch" finished-at="2023-02-15T15:03:47 IST" duration-ms="5149" status="PASS">
          <reporter-output>
          </reporter-output>
        </test-method> <!-- AppLounch -->
        <test-method signature="Test_2()[pri:0, instance:AmazonTestNg.SelectProdut1@42a48628]" started-at="2023-02-15T15:03:47 IST" name="Test_2" finished-at="2023-02-15T15:03:47 IST" duration-ms="3" status="FAIL">
          <exception class="java.lang.NoSuchMethodError">
            <message>
              <![CDATA['void org.openqa.selenium.support.PageFactory.initElements(org.openqa.selenium.WebDriver, java.lang.Object)']]>
            </message>
            <full-stacktrace>
              <![CDATA[java.lang.NoSuchMethodError: 'void org.openqa.selenium.support.PageFactory.initElements(org.openqa.selenium.WebDriver, java.lang.Object)'
at amazonPOM.SelectProduct.<init>(SelectProduct.java:18)
at AmazonTestNg.SelectProdut1.Test_2(SelectProdut1.java:62)
at java.base/jdk.internal.reflect.DirectMethodHandleAccessor.invoke(DirectMethodHandleAccessor.java:104)
at java.base/java.lang.reflect.Method.invoke(Method.java:578)
at org.testng.internal.MethodInvocationHelper.invokeMethod(MethodInvocationHelper.java:133)
at org.testng.internal.TestInvoker.invokeMethod(TestInvoker.java:598)
at org.testng.internal.TestInvoker.invokeTestMethod(TestInvoker.java:173)
at org.testng.internal.MethodRunner.runInSequence(MethodRunner.java:46)
at org.testng.internal.TestInvoker$MethodInvocationAgent.invoke(TestInvoker.java:824)
at org.testng.internal.TestInvoker.invokeTestMethods(TestInvoker.java:146)
at org.testng.internal.TestMethodWorker.invokeTestMethods(TestMethodWorker.java:146)
at org.testng.internal.TestMethodWorker.run(TestMethodWorker.java:128)
at java.base/java.util.concurrent.ThreadPoolExecutor.runWorker(ThreadPoolExecutor.java:1144)
at java.base/java.util.concurrent.ThreadPoolExecutor$Worker.run(ThreadPoolExecutor.java:642)
at java.base/java.lang.Thread.run(Thread.java:1589)
]]>
            </full-stacktrace>
          </exception> <!-- java.lang.NoSuchMethodError -->
          <reporter-output>
          </reporter-output>
        </test-method> <!-- Test_2 -->
        <test-method is-config="true" signature="CloseApp()[pri:0, instance:AmazonTestNg.SelectProdut1@42a48628]" started-at="2023-02-15T15:03:47 IST" name="CloseApp" finished-at="2023-02-15T15:03:48 IST" duration-ms="557" status="PASS">
          <reporter-output>
          </reporter-output>
        </test-method> <!-- CloseApp -->
        <test-method is-config="true" signature="QuitApp()[pri:0, instance:AmazonTestNg.SelectProdut1@42a48628]" started-at="2023-02-15T15:04:02 IST" name="QuitApp" finished-at="2023-02-15T15:04:02 IST" duration-ms="61" status="PASS">
          <reporter-output>
          </reporter-output>
        </test-method> <!-- QuitApp -->
      </class> <!-- AmazonTestNg.SelectProdut1 -->
      <class name="AmazonTestNg.BuyProduct">
        <test-method is-config="true" signature="LounchBrowser(java.lang.String)[pri:0, instance:AmazonTestNg.BuyProduct@293a5bf6]" started-at="2023-02-15T15:03:34 IST" name="LounchBrowser" finished-at="2023-02-15T15:03:36 IST" duration-ms="2577" status="PASS">
          <params>
            <param index="0">
              <value>
                <![CDATA[Edge]]>
              </value>
            </param>
          </params>
          <reporter-output>
          </reporter-output>
        </test-method> <!-- LounchBrowser -->
        <test-method is-config="true" signature="AppLounch()[pri:0, instance:AmazonTestNg.BuyProduct@293a5bf6]" started-at="2023-02-15T15:03:42 IST" name="AppLounch" finished-at="2023-02-15T15:03:52 IST" duration-ms="9435" status="PASS">
          <reporter-output>
          </reporter-output>
        </test-method> <!-- AppLounch -->
        <test-method signature="Test3()[pri:0, instance:AmazonTestNg.BuyProduct@293a5bf6]" started-at="2023-02-15T15:03:52 IST" name="Test3" finished-at="2023-02-15T15:04:02 IST" duration-ms="10012" status="FAIL">
          <exception class="java.lang.IndexOutOfBoundsException">
            <message>
              <![CDATA[Index 1 out of bounds for length 1]]>
            </message>
            <full-stacktrace>
              <![CDATA[java.lang.IndexOutOfBoundsException: Index 1 out of bounds for length 1
at java.base/jdk.internal.util.Preconditions.outOfBounds(Preconditions.java:100)
at java.base/jdk.internal.util.Preconditions.outOfBoundsCheckIndex(Preconditions.java:106)
at java.base/jdk.internal.util.Preconditions.checkIndex(Preconditions.java:302)
at java.base/java.util.Objects.checkIndex(Objects.java:385)
at java.base/java.util.ArrayList.get(ArrayList.java:427)
at AmazonTestNg.BuyProduct.Test3(BuyProduct.java:64)
at java.base/jdk.internal.reflect.DirectMethodHandleAccessor.invoke(DirectMethodHandleAccessor.java:104)
at java.base/java.lang.reflect.Method.invoke(Method.java:578)
at org.testng.internal.MethodInvocationHelper.invokeMethod(MethodInvocationHelper.java:133)
at org.testng.internal.TestInvoker.invokeMethod(TestInvoker.java:598)
at org.testng.internal.TestInvoker.invokeTestMethod(TestInvoker.java:173)
at org.testng.internal.MethodRunner.runInSequence(MethodRunner.java:46)
at org.testng.internal.TestInvoker$MethodInvocationAgent.invoke(TestInvoker.java:824)
at org.testng.internal.TestInvoker.invokeTestMethods(TestInvoker.java:146)
at org.testng.internal.TestMethodWorker.invokeTestMethods(TestMethodWorker.java:146)
at org.testng.internal.TestMethodWorker.run(TestMethodWorker.java:128)
at java.base/java.util.concurrent.ThreadPoolExecutor.runWorker(ThreadPoolExecutor.java:1144)
at java.base/java.util.concurrent.ThreadPoolExecutor$Worker.run(ThreadPoolExecutor.java:642)
at java.base/java.lang.Thread.run(Thread.java:1589)
]]>
            </full-stacktrace>
          </exception> <!-- java.lang.IndexOutOfBoundsException -->
          <reporter-output>
          </reporter-output>
        </test-method> <!-- Test3 -->
        <test-method is-config="true" signature="CloseApp()[pri:0, instance:AmazonTestNg.BuyProduct@293a5bf6]" started-at="2023-02-15T15:04:02 IST" name="CloseApp" finished-at="2023-02-15T15:04:02 IST" duration-ms="223" status="PASS">
          <reporter-output>
          </reporter-output>
        </test-method> <!-- CloseApp -->
        <test-method is-config="true" signature="QuitApp()[pri:0, instance:AmazonTestNg.BuyProduct@293a5bf6]" started-at="2023-02-15T15:04:02 IST" name="QuitApp" finished-at="2023-02-15T15:04:02 IST" duration-ms="262" status="PASS">
          <reporter-output>
          </reporter-output>
        </test-method> <!-- QuitApp -->
      </class> <!-- AmazonTestNg.BuyProduct -->
      <class name="AmazonTestNg.CreateNewAccount">
        <test-method is-config="true" signature="LounchBrowser(java.lang.String)[pri:0, instance:AmazonTestNg.CreateNewAccount@6aeb35e6]" started-at="2023-02-15T15:03:36 IST" name="LounchBrowser" finished-at="2023-02-15T15:03:40 IST" duration-ms="3028" status="PASS">
          <params>
            <param index="0">
              <value>
                <![CDATA[Edge]]>
              </value>
            </param>
          </params>
          <reporter-output>
          </reporter-output>
        </test-method> <!-- LounchBrowser -->
        <test-method is-config="true" signature="AppLounch3()[pri:0, instance:AmazonTestNg.CreateNewAccount@6aeb35e6]" started-at="2023-02-15T15:03:42 IST" name="AppLounch3" finished-at="2023-02-15T15:03:46 IST" duration-ms="4151" status="PASS">
          <reporter-output>
          </reporter-output>
        </test-method> <!-- AppLounch3 -->
        <test-method signature="Test4()[pri:0, instance:AmazonTestNg.CreateNewAccount@6aeb35e6]" started-at="2023-02-15T15:03:46 IST" name="Test4" finished-at="2023-02-15T15:03:46 IST" duration-ms="4" status="FAIL">
          <exception class="java.lang.NoSuchMethodError">
            <message>
              <![CDATA['void org.openqa.selenium.support.PageFactory.initElements(org.openqa.selenium.WebDriver, java.lang.Object)']]>
            </message>
            <full-stacktrace>
              <![CDATA[java.lang.NoSuchMethodError: 'void org.openqa.selenium.support.PageFactory.initElements(org.openqa.selenium.WebDriver, java.lang.Object)'
at amazonPOM.CreatNewAcc1.<init>(CreatNewAcc1.java:17)
at AmazonTestNg.CreateNewAccount.Test4(CreateNewAccount.java:54)
at java.base/jdk.internal.reflect.DirectMethodHandleAccessor.invoke(DirectMethodHandleAccessor.java:104)
at java.base/java.lang.reflect.Method.invoke(Method.java:578)
at org.testng.internal.MethodInvocationHelper.invokeMethod(MethodInvocationHelper.java:133)
at org.testng.internal.TestInvoker.invokeMethod(TestInvoker.java:598)
at org.testng.internal.TestInvoker.invokeTestMethod(TestInvoker.java:173)
at org.testng.internal.MethodRunner.runInSequence(MethodRunner.java:46)
at org.testng.internal.TestInvoker$MethodInvocationAgent.invoke(TestInvoker.java:824)
at org.testng.internal.TestInvoker.invokeTestMethods(TestInvoker.java:146)
at org.testng.internal.TestMethodWorker.invokeTestMethods(TestMethodWorker.java:146)
at org.testng.internal.TestMethodWorker.run(TestMethodWorker.java:128)
at java.base/java.util.concurrent.ThreadPoolExecutor.runWorker(ThreadPoolExecutor.java:1144)
at java.base/java.util.concurrent.ThreadPoolExecutor$Worker.run(ThreadPoolExecutor.java:642)
at java.base/java.lang.Thread.run(Thread.java:1589)
]]>
            </full-stacktrace>
          </exception> <!-- java.lang.NoSuchMethodError -->
          <reporter-output>
          </reporter-output>
        </test-method> <!-- Test4 -->
        <test-method is-config="true" signature="CloseApp()[pri:0, instance:AmazonTestNg.CreateNewAccount@6aeb35e6]" started-at="2023-02-15T15:03:46 IST" name="CloseApp" finished-at="2023-02-15T15:03:48 IST" duration-ms="1572" status="PASS">
          <reporter-output>
          </reporter-output>
        </test-method> <!-- CloseApp -->
        <test-method is-config="true" signature="QuitApp()[pri:0, instance:AmazonTestNg.CreateNewAccount@6aeb35e6]" started-at="2023-02-15T15:03:48 IST" name="QuitApp" finished-at="2023-02-15T15:03:48 IST" duration-ms="371" status="PASS">
          <reporter-output>
          </reporter-output>
        </test-method> <!-- QuitApp -->
      </class> <!-- AmazonTestNg.CreateNewAccount -->
      <class name="AmazonTestNg.ApplicationLaunch">
        <test-method is-config="true" signature="LaunchBrowser(java.lang.String)[pri:0, instance:AmazonTestNg.ApplicationLaunch@130d63be]" started-at="2023-02-15T15:03:31 IST" name="LaunchBrowser" finished-at="2023-02-15T15:03:34 IST" duration-ms="2965" status="PASS">
          <params>
            <param index="0">
              <value>
                <![CDATA[Edge]]>
              </value>
            </param>
          </params>
          <reporter-output>
          </reporter-output>
        </test-method> <!-- LaunchBrowser -->
        <test-method is-config="true" signature="LounchApplication()[pri:0, instance:AmazonTestNg.ApplicationLaunch@130d63be]" started-at="2023-02-15T15:03:42 IST" name="LounchApplication" finished-at="2023-02-15T15:03:50 IST" duration-ms="7950" status="PASS">
          <reporter-output>
          </reporter-output>
        </test-method> <!-- LounchApplication -->
        <test-method signature="Test1()[pri:0, instance:AmazonTestNg.ApplicationLaunch@130d63be]" started-at="2023-02-15T15:03:50 IST" name="Test1" finished-at="2023-02-15T15:03:50 IST" duration-ms="5" status="FAIL">
          <exception class="java.lang.NoSuchMethodError">
            <message>
              <![CDATA['void org.openqa.selenium.support.PageFactory.initElements(org.openqa.selenium.WebDriver, java.lang.Object)']]>
            </message>
            <full-stacktrace>
              <![CDATA[java.lang.NoSuchMethodError: 'void org.openqa.selenium.support.PageFactory.initElements(org.openqa.selenium.WebDriver, java.lang.Object)'
at amazonPOM.SearchProdut.<init>(SearchProdut.java:17)
at AmazonTestNg.ApplicationLaunch.Test1(ApplicationLaunch.java:56)
at java.base/jdk.internal.reflect.DirectMethodHandleAccessor.invoke(DirectMethodHandleAccessor.java:104)
at java.base/java.lang.reflect.Method.invoke(Method.java:578)
at org.testng.internal.MethodInvocationHelper.invokeMethod(MethodInvocationHelper.java:133)
at org.testng.internal.TestInvoker.invokeMethod(TestInvoker.java:598)
at org.testng.internal.TestInvoker.invokeTestMethod(TestInvoker.java:173)
at org.testng.internal.MethodRunner.runInSequence(MethodRunner.java:46)
at org.testng.internal.TestInvoker$MethodInvocationAgent.invoke(TestInvoker.java:824)
at org.testng.internal.TestInvoker.invokeTestMethods(TestInvoker.java:146)
at org.testng.internal.TestMethodWorker.invokeTestMethods(TestMethodWorker.java:146)
at org.testng.internal.TestMethodWorker.run(TestMethodWorker.java:128)
at java.base/java.util.concurrent.ThreadPoolExecutor.runWorker(ThreadPoolExecutor.java:1144)
at java.base/java.util.concurrent.ThreadPoolExecutor$Worker.run(ThreadPoolExecutor.java:642)
at java.base/java.lang.Thread.run(Thread.java:1589)
]]>
            </full-stacktrace>
          </exception> <!-- java.lang.NoSuchMethodError -->
          <reporter-output>
          </reporter-output>
        </test-method> <!-- Test1 -->
        <test-method is-config="true" signature="CloseApp()[pri:0, instance:AmazonTestNg.ApplicationLaunch@130d63be]" started-at="2023-02-15T15:03:50 IST" name="CloseApp" finished-at="2023-02-15T15:03:51 IST" duration-ms="539" status="PASS">
          <reporter-output>
          </reporter-output>
        </test-method> <!-- CloseApp -->
        <test-method is-config="true" signature="QuitApp()[pri:0, instance:AmazonTestNg.ApplicationLaunch@130d63be]" started-at="2023-02-15T15:03:51 IST" name="QuitApp" finished-at="2023-02-15T15:03:51 IST" duration-ms="314" status="PASS">
          <reporter-output>
          </reporter-output>
        </test-method> <!-- QuitApp -->
      </class> <!-- AmazonTestNg.ApplicationLaunch -->
    </test> <!-- EdgeTest -->
  </suite> <!-- AmazonSuite -->
</testng-results>
